[2014-06-07 15:05:36] request.ERROR: Uncaught PHP Exception Symfony\Component\HttpKernel\Exception\NotFoundHttpException: "No route found for "GET /favicon.ico" (from "http://192.168.33.15/community-aggregator.dev/web/app.php/")" at /var/www/community-aggregator.dev/app/cache/prod/classes.php line 1964 {"exception":"[object] (Symfony\\Component\\HttpKernel\\Exception\\NotFoundHttpException: No route found for \"GET /favicon.ico\" (from \"http://192.168.33.15/community-aggregator.dev/web/app.php/\") at /var/www/community-aggregator.dev/app/cache/prod/classes.php:1964, Symfony\\Component\\Routing\\Exception\\ResourceNotFoundException:  at /var/www/community-aggregator.dev/app/cache/prod/appProdUrlMatcher.php:48)"} []
[2014-06-07 15:54:23] request.ERROR: Uncaught PHP Exception Symfony\Component\HttpKernel\Exception\NotFoundHttpException: "No route found for "GET /favicon.ico"" at /var/www/community-aggregator.dev/app/cache/prod/classes.php line 1964 {"exception":"[object] (Symfony\\Component\\HttpKernel\\Exception\\NotFoundHttpException: No route found for \"GET /favicon.ico\" at /var/www/community-aggregator.dev/app/cache/prod/classes.php:1964, Symfony\\Component\\Routing\\Exception\\ResourceNotFoundException:  at /var/www/community-aggregator.dev/app/cache/prod/appProdUrlMatcher.php:48)"} []
[2014-06-07 15:55:07] request.ERROR: Uncaught PHP Exception Symfony\Component\HttpKernel\Exception\NotFoundHttpException: "No route found for "GET /favicon.ico"" at /var/www/community-aggregator.dev/app/cache/prod/classes.php line 1964 {"exception":"[object] (Symfony\\Component\\HttpKernel\\Exception\\NotFoundHttpException: No route found for \"GET /favicon.ico\" at /var/www/community-aggregator.dev/app/cache/prod/classes.php:1964, Symfony\\Component\\Routing\\Exception\\ResourceNotFoundException:  at /var/www/community-aggregator.dev/app/cache/prod/appProdUrlMatcher.php:48)"} []
[2014-06-07 15:55:23] request.ERROR: Uncaught PHP Exception Symfony\Component\HttpKernel\Exception\NotFoundHttpException: "No route found for "GET /favicon.ico"" at /var/www/community-aggregator.dev/app/cache/prod/classes.php line 1964 {"exception":"[object] (Symfony\\Component\\HttpKernel\\Exception\\NotFoundHttpException: No route found for \"GET /favicon.ico\" at /var/www/community-aggregator.dev/app/cache/prod/classes.php:1964, Symfony\\Component\\Routing\\Exception\\ResourceNotFoundException:  at /var/www/community-aggregator.dev/app/cache/prod/appProdUrlMatcher.php:48)"} []
[2014-06-07 16:51:31] request.ERROR: Uncaught PHP Exception Symfony\Component\HttpKernel\Exception\NotFoundHttpException: "No route found for "GET /favicon.ico"" at /var/www/community-aggregator.dev/app/cache/prod/classes.php line 1964 {"exception":"[object] (Symfony\\Component\\HttpKernel\\Exception\\NotFoundHttpException: No route found for \"GET /favicon.ico\" at /var/www/community-aggregator.dev/app/cache/prod/classes.php:1964, Symfony\\Component\\Routing\\Exception\\ResourceNotFoundException:  at /var/www/community-aggregator.dev/app/cache/prod/appProdUrlMatcher.php:48)"} []
[2014-06-07 16:57:44] request.ERROR: Uncaught PHP Exception Symfony\Component\HttpKernel\Exception\NotFoundHttpException: "No route found for "GET /favicon.ico"" at /var/www/community-aggregator.dev/app/cache/prod/classes.php line 1964 {"exception":"[object] (Symfony\\Component\\HttpKernel\\Exception\\NotFoundHttpException: No route found for \"GET /favicon.ico\" at /var/www/community-aggregator.dev/app/cache/prod/classes.php:1964, Symfony\\Component\\Routing\\Exception\\ResourceNotFoundException:  at /var/www/community-aggregator.dev/app/cache/prod/appProdUrlMatcher.php:48)"} []
[2014-06-07 17:22:14] request.ERROR: Uncaught PHP Exception Symfony\Component\HttpKernel\Exception\NotFoundHttpException: "No route found for "GET /favicon.ico"" at /var/www/community-aggregator.dev/app/cache/prod/classes.php line 1964 {"exception":"[object] (Symfony\\Component\\HttpKernel\\Exception\\NotFoundHttpException: No route found for \"GET /favicon.ico\" at /var/www/community-aggregator.dev/app/cache/prod/classes.php:1964, Symfony\\Component\\Routing\\Exception\\ResourceNotFoundException:  at /var/www/community-aggregator.dev/app/cache/prod/appProdUrlMatcher.php:48)"} []
[2014-06-07 17:28:38] request.ERROR: Uncaught PHP Exception Symfony\Component\HttpKernel\Exception\NotFoundHttpException: "No route found for "GET /favicon.ico"" at /var/www/community-aggregator.dev/app/cache/prod/classes.php line 1964 {"exception":"[object] (Symfony\\Component\\HttpKernel\\Exception\\NotFoundHttpException: No route found for \"GET /favicon.ico\" at /var/www/community-aggregator.dev/app/cache/prod/classes.php:1964, Symfony\\Component\\Routing\\Exception\\ResourceNotFoundException:  at /var/www/community-aggregator.dev/app/cache/prod/appProdUrlMatcher.php:48)"} []
[2014-06-07 17:48:12] request.ERROR: Uncaught PHP Exception Symfony\Component\HttpKernel\Exception\NotFoundHttpException: "No route found for "GET /favicon.ico"" at /var/www/community-aggregator.dev/app/cache/prod/classes.php line 1964 {"exception":"[object] (Symfony\\Component\\HttpKernel\\Exception\\NotFoundHttpException: No route found for \"GET /favicon.ico\" at /var/www/community-aggregator.dev/app/cache/prod/classes.php:1964, Symfony\\Component\\Routing\\Exception\\ResourceNotFoundException:  at /var/www/community-aggregator.dev/app/cache/prod/appProdUrlMatcher.php:48)"} []
[2014-06-17 09:59:50] request.ERROR: Uncaught PHP Exception Symfony\Component\HttpKernel\Exception\NotFoundHttpException: "No route found for "GET /favicon.ico" (from "http://192.168.33.15/community-aggregator.dev/web/app.php/")" at /var/www/community-aggregator.dev/app/cache/prod/classes.php line 1964 {"exception":"[object] (Symfony\\Component\\HttpKernel\\Exception\\NotFoundHttpException: No route found for \"GET /favicon.ico\" (from \"http://192.168.33.15/community-aggregator.dev/web/app.php/\") at /var/www/community-aggregator.dev/app/cache/prod/classes.php:1964, Symfony\\Component\\Routing\\Exception\\ResourceNotFoundException:  at /var/www/community-aggregator.dev/app/cache/prod/appProdUrlMatcher.php:48)"} []
[2014-06-17 09:59:50] request.ERROR: Uncaught PHP Exception Symfony\Component\HttpKernel\Exception\NotFoundHttpException: "No route found for "GET /favicon.ico" (from "http://192.168.33.15/community-aggregator.dev/web/app.php/")" at /var/www/community-aggregator.dev/app/cache/prod/classes.php line 1964 {"exception":"[object] (Symfony\\Component\\HttpKernel\\Exception\\NotFoundHttpException: No route found for \"GET /favicon.ico\" (from \"http://192.168.33.15/community-aggregator.dev/web/app.php/\") at /var/www/community-aggregator.dev/app/cache/prod/classes.php:1964, Symfony\\Component\\Routing\\Exception\\ResourceNotFoundException:  at /var/www/community-aggregator.dev/app/cache/prod/appProdUrlMatcher.php:48)"} []
[2014-06-17 10:13:48] event.DEBUG: Notified event "kernel.request" to listener "Symfony\Bundle\FrameworkBundle\EventListener\SessionListener::onKernelRequest". [] []
[2014-06-17 10:13:48] event.DEBUG: Notified event "kernel.request" to listener "Symfony\Component\HttpKernel\EventListener\FragmentListener::onKernelRequest". [] []
[2014-06-17 10:13:48] event.DEBUG: Notified event "kernel.request" to listener "Symfony\Component\HttpKernel\EventListener\RouterListener::onKernelRequest". [] []
[2014-06-17 10:13:48] event.DEBUG: Notified event "kernel.exception" to listener "Symfony\Component\HttpKernel\EventListener\ExceptionListener::onKernelException". [] []
[2014-06-17 10:13:48] request.ERROR: Uncaught PHP Exception Symfony\Component\HttpKernel\Exception\NotFoundHttpException: "No route found for "GET /about/favicon.ico" (from "http://192.168.33.15/community-aggregator.dev/web/app.php/about/")" at /var/www/community-aggregator.dev/app/cache/prod/classes.php line 1964 {"exception":"[object] (Symfony\\Component\\HttpKernel\\Exception\\NotFoundHttpException: No route found for \"GET /about/favicon.ico\" (from \"http://192.168.33.15/community-aggregator.dev/web/app.php/about/\") at /var/www/community-aggregator.dev/app/cache/prod/classes.php:1964, Symfony\\Component\\Routing\\Exception\\ResourceNotFoundException:  at /var/www/community-aggregator.dev/app/cache/prod/appProdUrlMatcher.php:48)"} []
[2014-06-17 10:13:48] event.DEBUG: Notified event "kernel.request" to listener "closure". [] []
[2014-06-17 10:13:48] event.DEBUG: Notified event "kernel.request" to listener "Symfony\Bundle\FrameworkBundle\EventListener\SessionListener::onKernelRequest". [] []
[2014-06-17 10:13:48] event.DEBUG: Notified event "kernel.request" to listener "closure". [] []
[2014-06-17 10:13:48] event.DEBUG: Notified event "kernel.request" to listener "Symfony\Component\HttpKernel\EventListener\FragmentListener::onKernelRequest". [] []
[2014-06-17 10:13:48] event.DEBUG: Notified event "kernel.request" to listener "closure". [] []
[2014-06-17 10:13:48] event.DEBUG: Notified event "kernel.request" to listener "Symfony\Component\HttpKernel\EventListener\RouterListener::onKernelRequest". [] []
[2014-06-17 10:13:48] event.DEBUG: Notified event "kernel.request" to listener "closure". [] []
[2014-06-17 10:13:48] event.DEBUG: Notified event "kernel.request" to listener "Symfony\Component\HttpKernel\EventListener\LocaleListener::onKernelRequest". [] []
[2014-06-17 10:13:48] event.DEBUG: Notified event "kernel.request" to listener "closure". [] []
[2014-06-17 10:13:48] event.DEBUG: Notified event "kernel.request" to listener "Symfony\Component\Security\Http\Firewall::onKernelRequest". [] []
[2014-06-17 10:13:48] event.DEBUG: Notified event "kernel.request" to listener "closure". [] []
[2014-06-17 10:13:48] event.DEBUG: Notified event "kernel.request" to listener "Symfony\Component\HttpKernel\EventListener\ErrorsLoggerListener::injectLogger". [] []
[2014-06-17 10:13:48] event.DEBUG: Notified event "kernel.request" to listener "closure". [] []
[2014-06-17 10:13:48] event.DEBUG: Notified event "kernel.request" to listener "Symfony\Component\HttpKernel\EventListener\ErrorsLoggerListener::injectLogger". [] []
[2014-06-17 10:13:48] event.DEBUG: Notified event "kernel.controller" to listener "Sensio\Bundle\FrameworkExtraBundle\EventListener\ControllerListener::onKernelController". [] []
[2014-06-17 10:13:48] event.DEBUG: Notified event "kernel.controller" to listener "Sensio\Bundle\FrameworkExtraBundle\EventListener\ParamConverterListener::onKernelController". [] []
[2014-06-17 10:13:48] event.DEBUG: Notified event "kernel.controller" to listener "Sensio\Bundle\FrameworkExtraBundle\EventListener\HttpCacheListener::onKernelController". [] []
[2014-06-17 10:13:48] event.DEBUG: Notified event "kernel.controller" to listener "Sensio\Bundle\FrameworkExtraBundle\EventListener\SecurityListener::onKernelController". [] []
[2014-06-17 10:13:48] event.DEBUG: Notified event "kernel.controller" to listener "Sensio\Bundle\FrameworkExtraBundle\EventListener\TemplateListener::onKernelController". [] []
[2014-06-17 10:13:48] event.DEBUG: Notified event "kernel.response" to listener "Symfony\Component\HttpKernel\EventListener\ResponseListener::onKernelResponse". [] []
[2014-06-17 10:13:48] event.DEBUG: Notified event "kernel.response" to listener "Symfony\Component\Security\Http\RememberMe\ResponseListener::onKernelResponse". [] []
[2014-06-17 10:13:48] event.DEBUG: Notified event "kernel.response" to listener "Sensio\Bundle\FrameworkExtraBundle\EventListener\HttpCacheListener::onKernelResponse". [] []
[2014-06-17 10:13:48] event.DEBUG: Notified event "kernel.response" to listener "Symfony\Component\HttpKernel\EventListener\StreamedResponseListener::onKernelResponse". [] []
[2014-06-17 10:13:48] event.DEBUG: Notified event "kernel.finish_request" to listener "Symfony\Component\HttpKernel\EventListener\LocaleListener::onKernelFinishRequest". [] []
[2014-06-17 10:13:48] event.DEBUG: Notified event "kernel.finish_request" to listener "Symfony\Component\HttpKernel\EventListener\RouterListener::onKernelFinishRequest". [] []
[2014-06-17 10:13:48] event.DEBUG: Notified event "kernel.finish_request" to listener "Symfony\Component\Security\Http\Firewall::onKernelFinishRequest". [] []
[2014-06-17 10:13:48] event.DEBUG: Listener "Symfony\Component\HttpKernel\EventListener\ExceptionListener::onKernelException" stopped propagation of the event "kernel.exception". [] []
[2014-06-17 10:13:48] event.DEBUG: Notified event "kernel.response" to listener "Symfony\Component\HttpKernel\EventListener\ResponseListener::onKernelResponse". [] []
[2014-06-17 10:13:48] event.DEBUG: Notified event "kernel.response" to listener "Symfony\Component\Security\Http\RememberMe\ResponseListener::onKernelResponse". [] []
[2014-06-17 10:13:48] event.DEBUG: Notified event "kernel.response" to listener "Sensio\Bundle\FrameworkExtraBundle\EventListener\HttpCacheListener::onKernelResponse". [] []
[2014-06-17 10:13:48] event.DEBUG: Notified event "kernel.response" to listener "Symfony\Component\HttpKernel\EventListener\StreamedResponseListener::onKernelResponse". [] []
[2014-06-17 10:13:48] event.DEBUG: Notified event "kernel.finish_request" to listener "Symfony\Component\HttpKernel\EventListener\LocaleListener::onKernelFinishRequest". [] []
[2014-06-17 10:13:48] event.DEBUG: Notified event "kernel.finish_request" to listener "Symfony\Component\HttpKernel\EventListener\RouterListener::onKernelFinishRequest". [] []
[2014-06-17 10:13:48] event.DEBUG: Notified event "kernel.finish_request" to listener "Symfony\Component\Security\Http\Firewall::onKernelFinishRequest". [] []
[2014-06-17 10:13:48] event.DEBUG: Notified event "kernel.terminate" to listener "Symfony\Bundle\SwiftmailerBundle\EventListener\EmailSenderListener::onTerminate". [] []
